#
# There is insufficient memory for the Java Runtime Environment to continue.
# Native memory allocation (malloc) failed to allocate 669136 bytes for Chunk::new
# Possible reasons:
#   The system is out of physical RAM or swap space
#   The process is running with CompressedOops enabled, and the Java Heap may be blocking the growth of the native heap
# Possible solutions:
#   Reduce memory load on the system
#   Increase physical memory or swap space
#   Check if swap backing store is full
#   Decrease Java heap size (-Xmx/-Xms)
#   Decrease number of Java threads
#   Decrease Java thread stack sizes (-Xss)
#   Set larger code cache with -XX:ReservedCodeCacheSize=
#   JVM is running with Unscaled Compressed Oops mode in which the Java heap is
#     placed in the first 4GB address space. The Java Heap base address is the
#     maximum limit for the native heap growth. Please use -XX:HeapBaseMinAddress
#     to set the Java Heap base and to place the Java Heap above 4GB virtual address.
# This output file may be truncated or incomplete.
#
#  Out of Memory Error (./src/hotspot/share/memory/arena.cpp:197), pid=1572, tid=3612
#
# JRE version: OpenJDK Runtime Environment (11.0.11+9) (build 11.0.11+9-b60-7590822)
# Java VM: OpenJDK 64-Bit Server VM (11.0.11+9-b60-7590822, mixed mode, tiered, compressed oops, g1 gc, windows-amd64)
# No core dump will be written. Minidumps are not enabled by default on client versions of Windows
#

---------------  S U M M A R Y ------------

Command Line: --add-opens=java.base/java.util=ALL-UNNAMED --add-opens=java.base/java.lang=ALL-UNNAMED --add-opens=java.base/java.lang.invoke=ALL-UNNAMED --add-opens=java.base/java.util=ALL-UNNAMED --add-opens=java.prefs/java.util.prefs=ALL-UNNAMED --add-opens=java.prefs/java.util.prefs=ALL-UNNAMED --add-opens=java.base/java.nio.charset=ALL-UNNAMED --add-opens=java.base/java.net=ALL-UNNAMED --add-opens=java.base/java.util.concurrent.atomic=ALL-UNNAMED -Xmx2048m -Dfile.encoding=UTF-8 -Duser.country=RU -Duser.language=ru -Duser.variant org.gradle.launcher.daemon.bootstrap.GradleDaemon 7.2

Host: AMD Ryzen 5 2500U with Radeon Vega Mobile Gfx  , 8 cores, 6G,  Windows 10 , 64 bit Build 19041 (10.0.19041.1348)
Time: Thu Feb 24 13:58:02 2022 RTZ 2 (зима) elapsed time: 14.239869 seconds (0d 0h 0m 14s)

---------------  T H R E A D  ---------------

Current thread (0x0000021cae5fa000):  JavaThread "C2 CompilerThread1" daemon [_thread_in_native, id=3612, stack(0x0000009ae7d00000,0x0000009ae7e00000)]


Current CompileTask:
C2:  14239 4104       4       sun.net.util.URLUtil::urlNoFragString (114 bytes)

Stack: [0x0000009ae7d00000,0x0000009ae7e00000]
Native frames: (J=compiled Java code, j=interpreted, Vv=VM code, C=native code)
V  [jvm.dll+0x5f214a]
V  [jvm.dll+0x726fb5]
V  [jvm.dll+0x7285cd]
V  [jvm.dll+0x728c83]
V  [jvm.dll+0x243278]
V  [jvm.dll+0xbc53c]
V  [jvm.dll+0xbca3c]
V  [jvm.dll+0x353e7d]
V  [jvm.dll+0x321893]
V  [jvm.dll+0x320d8a]
V  [jvm.dll+0x1fc1e2]
V  [jvm.dll+0x1fb3d4]
V  [jvm.dll+0x183d6c]
V  [jvm.dll+0x209a57]
V  [jvm.dll+0x2082a1]
V  [jvm.dll+0x6ef58f]
V  [jvm.dll+0x6e80b5]
V  [jvm.dll+0x5f1036]
C  [ucrtbase.dll+0x21bb2]
C  [KERNEL32.DLL+0x17034]
C  [ntdll.dll+0x52651]


---------------  P R O C E S S  ---------------

Threads class SMR info:
_java_thread_list=0x0000021cb1739170, length=41, elements={
0x0000021c92cb9800, 0x0000021cad8f7800, 0x0000021cad904000, 0x0000021cad91b800,
0x0000021cad91e000, 0x0000021cad920000, 0x0000021cad92d800, 0x0000021cad932000,
0x0000021cad933000, 0x0000021cae3f6000, 0x0000021caf7a7000, 0x0000021caf764000,
0x0000021caf5b5000, 0x0000021cb0352000, 0x0000021cafbd5800, 0x0000021cb0341800,
0x0000021caf3ef000, 0x0000021cb056e000, 0x0000021cb0d50800, 0x0000021cb0d53000,
0x0000021cb0d55800, 0x0000021cb0d54000, 0x0000021cb0d54800, 0x0000021cb0d56000,
0x0000021cb0d57000, 0x0000021cb0d51800, 0x0000021cb0d52000, 0x0000021cb1f23800,
0x0000021cb1f27800, 0x0000021cb1f26000, 0x0000021cb1f24800, 0x0000021cb1f27000,
0x0000021cb1f28800, 0x0000021cb1f2b000, 0x0000021cb1f29000, 0x0000021cb1f25000,
0x0000021cb1f2b800, 0x0000021cb1f2d800, 0x0000021cae5fa000, 0x0000021cae774800,
0x0000021cb1f2f800
}

Java Threads: ( => current thread )
  0x0000021c92cb9800 JavaThread "main" [_thread_blocked, id=5728, stack(0x0000009ae4c00000,0x0000009ae4d00000)]
  0x0000021cad8f7800 JavaThread "Reference Handler" daemon [_thread_blocked, id=8384, stack(0x0000009ae5300000,0x0000009ae5400000)]
  0x0000021cad904000 JavaThread "Finalizer" daemon [_thread_blocked, id=4756, stack(0x0000009ae5400000,0x0000009ae5500000)]
  0x0000021cad91b800 JavaThread "Signal Dispatcher" daemon [_thread_blocked, id=7768, stack(0x0000009ae5500000,0x0000009ae5600000)]
  0x0000021cad91e000 JavaThread "Attach Listener" daemon [_thread_blocked, id=1736, stack(0x0000009ae5600000,0x0000009ae5700000)]
  0x0000021cad920000 JavaThread "Service Thread" daemon [_thread_blocked, id=6248, stack(0x0000009ae5700000,0x0000009ae5800000)]
  0x0000021cad92d800 JavaThread "C2 CompilerThread0" daemon [_thread_in_native, id=6376, stack(0x0000009ae5800000,0x0000009ae5900000)]
  0x0000021cad932000 JavaThread "C1 CompilerThread0" daemon [_thread_blocked, id=7828, stack(0x0000009ae5900000,0x0000009ae5a00000)]
  0x0000021cad933000 JavaThread "Sweeper thread" daemon [_thread_blocked, id=4584, stack(0x0000009ae5a00000,0x0000009ae5b00000)]
  0x0000021cae3f6000 JavaThread "Common-Cleaner" daemon [_thread_blocked, id=6692, stack(0x0000009ae5b00000,0x0000009ae5c00000)]
  0x0000021caf7a7000 JavaThread "Daemon health stats" [_thread_in_Java, id=2728, stack(0x0000009ae6000000,0x0000009ae6100000)]
  0x0000021caf764000 JavaThread "Incoming local TCP Connector on port 52407" [_thread_in_native, id=7164, stack(0x0000009ae5d00000,0x0000009ae5e00000)]
  0x0000021caf5b5000 JavaThread "Daemon periodic checks" [_thread_blocked, id=4440, stack(0x0000009ae5f00000,0x0000009ae6000000)]
  0x0000021cb0352000 JavaThread "Daemon" [_thread_blocked, id=7344, stack(0x0000009ae6100000,0x0000009ae6200000)]
  0x0000021cafbd5800 JavaThread "Handler for socket connection from /127.0.0.1:52407 to /127.0.0.1:52408" [_thread_in_native, id=7336, stack(0x0000009ae6200000,0x0000009ae6300000)]
  0x0000021cb0341800 JavaThread "Cancel handler" [_thread_blocked, id=5720, stack(0x0000009ae6900000,0x0000009ae6a00000)]
  0x0000021caf3ef000 JavaThread "Daemon worker" [_thread_in_vm, id=9180, stack(0x0000009ae6a00000,0x0000009ae6b00000)]
  0x0000021cb056e000 JavaThread "Asynchronous log dispatcher for DefaultDaemonConnection: socket connection from /127.0.0.1:52407 to /127.0.0.1:52408" [_thread_blocked, id=6628, stack(0x0000009ae6b00000,0x0000009ae6c00000)]
  0x0000021cb0d50800 JavaThread "Stdin handler" [_thread_blocked, id=4476, stack(0x0000009ae6c00000,0x0000009ae6d00000)]
  0x0000021cb0d53000 JavaThread "Daemon client event forwarder" [_thread_blocked, id=2132, stack(0x0000009ae6d00000,0x0000009ae6e00000)]
  0x0000021cb0d55800 JavaThread "Cache worker for journal cache (C:\Users\Dan\.gradle\caches\journal-1)" [_thread_blocked, id=8652, stack(0x0000009ae6e00000,0x0000009ae6f00000)]
  0x0000021cb0d54000 JavaThread "File lock request listener" [_thread_in_native, id=4904, stack(0x0000009ae6f00000,0x0000009ae7000000)]
  0x0000021cb0d54800 JavaThread "Cache worker for file hash cache (C:\Users\Dan\.gradle\caches\7.2\fileHashes)" [_thread_blocked, id=9000, stack(0x0000009ae7100000,0x0000009ae7200000)]
  0x0000021cb0d56000 JavaThread "Cache worker for file hash cache (D:\mobdev\itogovoe2\.gradle\7.2\fileHashes)" [_thread_blocked, id=6516, stack(0x0000009ae7300000,0x0000009ae7400000)]
  0x0000021cb0d57000 JavaThread "File watcher server" daemon [_thread_in_native, id=4300, stack(0x0000009ae7400000,0x0000009ae7500000)]
  0x0000021cb0d51800 JavaThread "File watcher consumer" daemon [_thread_blocked, id=9060, stack(0x0000009ae7500000,0x0000009ae7600000)]
  0x0000021cb0d52000 JavaThread "jar transforms" [_thread_blocked, id=6612, stack(0x0000009ae7200000,0x0000009ae7300000)]
  0x0000021cb1f23800 JavaThread "jar transforms Thread 2" [_thread_blocked, id=7232, stack(0x0000009ae7600000,0x0000009ae7700000)]
  0x0000021cb1f27800 JavaThread "jar transforms Thread 3" [_thread_blocked, id=8920, stack(0x0000009ae7700000,0x0000009ae7800000)]
  0x0000021cb1f26000 JavaThread "jar transforms Thread 4" [_thread_blocked, id=9096, stack(0x0000009ae7800000,0x0000009ae7900000)]
  0x0000021cb1f24800 JavaThread "jar transforms Thread 5" [_thread_blocked, id=7796, stack(0x0000009ae7900000,0x0000009ae7a00000)]
  0x0000021cb1f27000 JavaThread "jar transforms Thread 6" [_thread_blocked, id=4696, stack(0x0000009ae7a00000,0x0000009ae7b00000)]
  0x0000021cb1f28800 JavaThread "jar transforms Thread 7" [_thread_blocked, id=8852, stack(0x0000009ae7b00000,0x0000009ae7c00000)]
  0x0000021cb1f2b000 JavaThread "jar transforms Thread 8" [_thread_blocked, id=804, stack(0x0000009ae7c00000,0x0000009ae7d00000)]
  0x0000021cb1f29000 JavaThread "Cache worker for checksums cache (D:\mobdev\itogovoe2\.gradle\checksums)" [_thread_blocked, id=6596, stack(0x0000009ae7f00000,0x0000009ae8000000)]
  0x0000021cb1f25000 JavaThread "Cache worker for cache directory md-supplier (C:\Users\Dan\.gradle\caches\7.2\md-supplier)" [_thread_blocked, id=8280, stack(0x0000009ae8000000,0x0000009ae8100000)]
  0x0000021cb1f2b800 JavaThread "Cache worker for cache directory md-rule (C:\Users\Dan\.gradle\caches\7.2\md-rule)" [_thread_blocked, id=2036, stack(0x0000009ae8100000,0x0000009ae8200000)]
  0x0000021cb1f2d800 JavaThread "Cache worker for execution history cache (C:\Users\Dan\.gradle\caches\7.2\executionHistory)" [_thread_blocked, id=7056, stack(0x0000009ae8200000,0x0000009ae8300000)]
=>0x0000021cae5fa000 JavaThread "C2 CompilerThread1" daemon [_thread_in_native, id=3612, stack(0x0000009ae7d00000,0x0000009ae7e00000)]
  0x0000021cae774800 JavaThread "C2 CompilerThread2" daemon [_thread_in_native, id=8936, stack(0x0000009ae7e00000,0x0000009ae7f00000)]
  0x0000021cb1f2f800 JavaThread "Cache worker for file content cache (C:\Users\Dan\.gradle\caches\7.2\fileContent)" [_thread_blocked, id=220, stack(0x0000009ae8300000,0x0000009ae8400000)]

Other Threads:
  0x0000021cad8f3800 VMThread "VM Thread" [stack: 0x0000009ae5200000,0x0000009ae5300000] [id=2440]
  0x0000021cae42b000 WatcherThread [stack: 0x0000009ae5c00000,0x0000009ae5d00000] [id=8128]
  0x0000021c92cd3800 GCTaskThread "GC Thread#0" [stack: 0x0000009ae4d00000,0x0000009ae4e00000] [id=8392]
  0x0000021caea00000 GCTaskThread "GC Thread#1" [stack: 0x0000009ae5e00000,0x0000009ae5f00000] [id=2108]
  0x0000021cb16ed800 GCTaskThread "GC Thread#2" [stack: 0x0000009ae6300000,0x0000009ae6400000] [id=6620]
  0x0000021cb0fe1800 GCTaskThread "GC Thread#3" [stack: 0x0000009ae6400000,0x0000009ae6500000] [id=9156]
  0x0000021cafdc6000 GCTaskThread "GC Thread#4" [stack: 0x0000009ae6500000,0x0000009ae6600000] [id=4516]
  0x0000021cb0e15800 GCTaskThread "GC Thread#5" [stack: 0x0000009ae6600000,0x0000009ae6700000] [id=1420]
  0x0000021cb120e800 GCTaskThread "GC Thread#6" [stack: 0x0000009ae6700000,0x0000009ae6800000] [id=5968]
  0x0000021caf27e800 GCTaskThread "GC Thread#7" [stack: 0x0000009ae6800000,0x0000009ae6900000] [id=8720]
  0x0000021c92d05800 ConcurrentGCThread "G1 Main Marker" [stack: 0x0000009ae4e00000,0x0000009ae4f00000] [id=8260]
  0x0000021c92d07000 ConcurrentGCThread "G1 Conc#0" [stack: 0x0000009ae4f00000,0x0000009ae5000000] [id=7744]
  0x0000021caf5e6800 ConcurrentGCThread "G1 Conc#1" [stack: 0x0000009ae7000000,0x0000009ae7100000] [id=2052]
  0x0000021c92d94000 ConcurrentGCThread "G1 Refine#0" [stack: 0x0000009ae5000000,0x0000009ae5100000] [id=2312]
  0x0000021c92d95000 ConcurrentGCThread "G1 Young RemSet Sampling" [stack: 0x0000009ae5100000,0x0000009ae5200000] [id=668]

Threads with active compile tasks:
C2 CompilerThread0  14269 4110       4       org.codehaus.groovy.reflection.CachedMethod::compareToCachedMethod (160 bytes)
C1 CompilerThread0  14269 4161       3       java.util.Collections$SingletonSet::contains (9 bytes)
C2 CompilerThread1  14269 4104       4       sun.net.util.URLUtil::urlNoFragString (114 bytes)
C2 CompilerThread2  14269 4109       4       org.codehaus.groovy.reflection.CachedMethod::compareTo (25 bytes)

VM state:not at safepoint (normal execution)

VM Mutex/Monitor currently owned by a thread: None

OutOfMemory and StackOverflow Exception counts:
OutOfMemoryError java_heap_errors=2
LinkageErrors=100

Heap address: 0x0000000080000000, size: 2048 MB, Compressed Oops mode: 32-bit
Narrow klass base: 0x0000000000000000, Narrow klass shift: 3
Compressed class space size: 1073741824 Address: 0x0000000100000000

Heap:
 garbage-first heap   total 114688K, used 50500K [0x0000000080000000, 0x0000000100000000)
  region size 1024K, 18 young (18432K), 7 survivors (7168K)
 Metaspace       used 44772K, capacity 45864K, committed 46108K, reserved 1089536K
  class space    used 5826K, capacity 6261K, committed 6272K, reserved 1048576K
Heap Regions: E=young(eden), S=young(survivor), O=old, HS=humongous(starts), HC=humongous(continues), CS=collection set, F=free, A=archive, TAMS=top-at-mark-start (previous, next)
|   0|0x0000000080000000, 0x0000000080100000, 0x0000000080100000|100%| O|  |TAMS 0x0000000080100000, 0x0000000080000000| Untracked 
|   1|0x0000000080100000, 0x0000000080200000, 0x0000000080200000|100%| O|  |TAMS 0x0000000080200000, 0x0000000080100000| Untracked 
|   2|0x0000000080200000, 0x0000000080300000, 0x0000000080300000|100%| O|  |TAMS 0x0000000080300000, 0x0000000080200000| Untracked 
|   3|0x0000000080300000, 0x0000000080400000, 0x0000000080400000|100%|HS|  |TAMS 0x0000000080400000, 0x0000000080300000| Complete 
|   4|0x0000000080400000, 0x0000000080500000, 0x0000000080500000|100%|HC|  |TAMS 0x0000000080500000, 0x0000000080400000| Complete 
|   5|0x0000000080500000, 0x0000000080600000, 0x0000000080600000|100%|HC|  |TAMS 0x0000000080600000, 0x0000000080500000| Complete 
|   6|0x0000000080600000, 0x0000000080700000, 0x0000000080700000|100%| O|  |TAMS 0x0000000080700000, 0x0000000080600000| Untracked 
|   7|0x0000000080700000, 0x0000000080800000, 0x0000000080800000|100%| O|  |TAMS 0x0000000080800000, 0x0000000080700000| Untracked 
|   8|0x0000000080800000, 0x0000000080900000, 0x0000000080900000|100%| O|  |TAMS 0x0000000080900000, 0x0000000080800000| Untracked 
|   9|0x0000000080900000, 0x0000000080a00000, 0x0000000080a00000|100%| O|  |TAMS 0x0000000080a00000, 0x0000000080900000| Untracked 
|  10|0x0000000080a00000, 0x0000000080b00000, 0x0000000080b00000|100%| O|  |TAMS 0x0000000080b00000, 0x0000000080a00000| Untracked 
|  11|0x0000000080b00000, 0x0000000080c00000, 0x0000000080c00000|100%| O|  |TAMS 0x0000000080c00000, 0x0000000080b00000| Untracked 
|  12|0x0000000080c00000, 0x0000000080d00000, 0x0000000080d00000|100%| O|  |TAMS 0x0000000080d00000, 0x0000000080c00000| Untracked 
|  13|0x0000000080d00000, 0x0000000080e00000, 0x0000000080e00000|100%| O|  |TAMS 0x0000000080e00000, 0x0000000080d00000| Untracked 
|  14|0x0000000080e00000, 0x0000000080f00000, 0x0000000080f00000|100%| O|  |TAMS 0x0000000080f00000, 0x0000000080e00000| Untracked 
|  15|0x0000000080f00000, 0x0000000081000000, 0x0000000081000000|100%| O|  |TAMS 0x0000000081000000, 0x0000000080f00000| Untracked 
|  16|0x0000000081000000, 0x0000000081100000, 0x0000000081100000|100%|HS|  |TAMS 0x0000000081100000, 0x0000000081000000| Complete 
|  17|0x0000000081100000, 0x0000000081200000, 0x0000000081200000|100%|HC|  |TAMS 0x0000000081200000, 0x0000000081100000| Complete 
|  18|0x0000000081200000, 0x0000000081300000, 0x0000000081300000|100%|HS|  |TAMS 0x0000000081300000, 0x0000000081200000| Complete 
|  19|0x0000000081300000, 0x0000000081400000, 0x0000000081400000|100%|HC|  |TAMS 0x0000000081400000, 0x0000000081300000| Complete 
|  20|0x0000000081400000, 0x0000000081500000, 0x0000000081500000|100%|HC|  |TAMS 0x0000000081500000, 0x0000000081400000| Complete 
|  21|0x0000000081500000, 0x0000000081600000, 0x0000000081600000|100%|HS|  |TAMS 0x0000000081600000, 0x0000000081500000| Complete 
|  22|0x0000000081600000, 0x0000000081700000, 0x0000000081700000|100%|HC|  |TAMS 0x0000000081700000, 0x0000000081600000| Complete 
|  23|0x0000000081700000, 0x0000000081800000, 0x0000000081800000|100%|HC|  |TAMS 0x0000000081800000, 0x0000000081700000| Complete 
|  24|0x0000000081800000, 0x0000000081900000, 0x0000000081900000|100%|HC|  |TAMS 0x0000000081900000, 0x0000000081800000| Complete 
|  25|0x0000000081900000, 0x0000000081a00000, 0x0000000081a00000|100%| O|  |TAMS 0x0000000081a00000, 0x0000000081900000| Untracked 
|  26|0x0000000081a00000, 0x0000000081b00000, 0x0000000081b00000|100%| O|  |TAMS 0x0000000081b00000, 0x0000000081a00000| Untracked 
|  27|0x0000000081b00000, 0x0000000081c00000, 0x0000000081c00000|100%| O|  |TAMS 0x0000000081c00000, 0x0000000081b00000| Untracked 
|  28|0x0000000081c00000, 0x0000000081d00000, 0x0000000081d00000|100%| O|  |TAMS 0x0000000081d00000, 0x0000000081c00000| Untracked 
|  29|0x0000000081d00000, 0x0000000081e00000, 0x0000000081e00000|100%| O|  |TAMS 0x0000000081e00000, 0x0000000081d00000| Untracked 
|  30|0x0000000081e00000, 0x0000000081ea0400, 0x0000000081f00000| 62%| O|  |TAMS 0x0000000081ea0400, 0x0000000081e00000| Untracked 
|  31|0x0000000081f00000, 0x0000000082000000, 0x0000000082000000|100%|HS|  |TAMS 0x0000000081f00000, 0x0000000081f00000| Complete 
|  32|0x0000000082000000, 0x0000000082100000, 0x0000000082100000|100%|HS|  |TAMS 0x0000000082000000, 0x0000000082000000| Complete 
|  33|0x0000000082100000, 0x0000000082200000, 0x0000000082200000|100%|HC|  |TAMS 0x0000000082100000, 0x0000000082100000| Complete 
|  34|0x0000000082200000, 0x0000000082200000, 0x0000000082300000|  0%| F|  |TAMS 0x0000000082200000, 0x0000000082200000| Untracked 
|  35|0x0000000082300000, 0x0000000082300000, 0x0000000082400000|  0%| F|  |TAMS 0x0000000082300000, 0x0000000082300000| Untracked 
|  36|0x0000000082400000, 0x0000000082400000, 0x0000000082500000|  0%| F|  |TAMS 0x0000000082400000, 0x0000000082400000| Untracked 
|  37|0x0000000082500000, 0x0000000082500000, 0x0000000082600000|  0%| F|  |TAMS 0x0000000082500000, 0x0000000082500000| Untracked 
|  38|0x0000000082600000, 0x0000000082600000, 0x0000000082700000|  0%| F|  |TAMS 0x0000000082600000, 0x0000000082600000| Untracked 
|  39|0x0000000082700000, 0x0000000082700000, 0x0000000082800000|  0%| F|  |TAMS 0x0000000082700000, 0x0000000082700000| Untracked 
|  40|0x0000000082800000, 0x0000000082800000, 0x0000000082900000|  0%| F|  |TAMS 0x0000000082800000, 0x0000000082800000| Untracked 
|  41|0x0000000082900000, 0x0000000082900000, 0x0000000082a00000|  0%| F|  |TAMS 0x0000000082900000, 0x0000000082900000| Untracked 
|  42|0x0000000082a00000, 0x0000000082a00000, 0x0000000082b00000|  0%| F|  |TAMS 0x0000000082a00000, 0x0000000082a00000| Untracked 
|  43|0x0000000082b00000, 0x0000000082b00000, 0x0000000082c00000|  0%| F|  |TAMS 0x0000000082b00000, 0x0000000082b00000| Untracked 
|  44|0x0000000082c00000, 0x0000000082c00000, 0x0000000082d00000|  0%| F|  |TAMS 0x0000000082c00000, 0x0000000082c00000| Untracked 
|  45|0x0000000082d00000, 0x0000000082d00000, 0x0000000082e00000|  0%| F|  |TAMS 0x0000000082d00000, 0x0000000082d00000| Untracked 
|  46|0x0000000082e00000, 0x0000000082e00000, 0x0000000082f00000|  0%| F|  |TAMS 0x0000000082e00000, 0x0000000082e00000| Untracked 
|  47|0x0000000082f00000, 0x0000000082f00000, 0x0000000083000000|  0%| F|  |TAMS 0x0000000082f00000, 0x0000000082f00000| Untracked 
|  48|0x0000000083000000, 0x0000000083000000, 0x0000000083100000|  0%| F|  |TAMS 0x0000000083000000, 0x0000000083000000| Untracked 
|  49|0x0000000083100000, 0x0000000083100000, 0x0000000083200000|  0%| F|  |TAMS 0x0000000083100000, 0x0000000083100000| Untracked 
|  50|0x0000000083200000, 0x0000000083200000, 0x0000000083300000|  0%| F|  |TAMS 0x0000000083200000, 0x0000000083200000| Untracked 
|  51|0x0000000083300000, 0x0000000083300000, 0x0000000083400000|  0%| F|  |TAMS 0x0000000083300000, 0x0000000083300000| Untracked 
|  52|0x0000000083400000, 0x0000000083400000, 0x0000000083500000|  0%| F|  |TAMS 0x0000000083400000, 0x0000000083400000| Untracked 
|  53|0x0000000083500000, 0x00000000835b0e68, 0x0000000083600000| 69%| S|CS|TAMS 0x0000000083500000, 0x0000000083500000| Complete 
|  54|0x0000000083600000, 0x0000000083700000, 0x0000000083700000|100%| S|CS|TAMS 0x0000000083600000, 0x0000000083600000| Complete 
|  55|0x0000000083700000, 0x0000000083800000, 0x0000000083800000|100%| S|CS|TAMS 0x0000000083700000, 0x0000000083700000| Complete 
|  56|0x0000000083800000, 0x0000000083900000, 0x0000000083900000|100%| S|CS|TAMS 0x0000000083800000, 0x0000000083800000| Complete 
|  57|0x0000000083900000, 0x0000000083a00000, 0x0000000083a00000|100%| S|CS|TAMS 0x0000000083900000, 0x0000000083900000| Complete 
|  58|0x0000000083a00000, 0x0000000083b00000, 0x0000000083b00000|100%| S|CS|TAMS 0x0000000083a00000, 0x0000000083a00000| Complete 
|  59|0x0000000083b00000, 0x0000000083c00000, 0x0000000083c00000|100%| S|CS|TAMS 0x0000000083b00000, 0x0000000083b00000| Complete 
|  60|0x0000000083c00000, 0x0000000083c00000, 0x0000000083d00000|  0%| F|  |TAMS 0x0000000083c00000, 0x0000000083c00000| Untracked 
|  61|0x0000000083d00000, 0x0000000083d00000, 0x0000000083e00000|  0%| F|  |TAMS 0x0000000083d00000, 0x0000000083d00000| Untracked 
|  62|0x0000000083e00000, 0x0000000083e00000, 0x0000000083f00000|  0%| F|  |TAMS 0x0000000083e00000, 0x0000000083e00000| Untracked 
|  63|0x0000000083f00000, 0x0000000083f00000, 0x0000000084000000|  0%| F|  |TAMS 0x0000000083f00000, 0x0000000083f00000| Untracked 
|  64|0x0000000084000000, 0x0000000084000000, 0x0000000084100000|  0%| F|  |TAMS 0x0000000084000000, 0x0000000084000000| Untracked 
|  65|0x0000000084100000, 0x0000000084100000, 0x0000000084200000|  0%| F|  |TAMS 0x0000000084100000, 0x0000000084100000| Untracked 
|  66|0x0000000084200000, 0x0000000084200000, 0x0000000084300000|  0%| F|  |TAMS 0x0000000084200000, 0x0000000084200000| Untracked 
|  67|0x0000000084300000, 0x0000000084300000, 0x0000000084400000|  0%| F|  |TAMS 0x0000000084300000, 0x0000000084300000| Untracked 
|  68|0x0000000084400000, 0x0000000084400000, 0x0000000084500000|  0%| F|  |TAMS 0x0000000084400000, 0x0000000084400000| Untracked 
|  69|0x0000000084500000, 0x0000000084500000, 0x0000000084600000|  0%| F|  |TAMS 0x0000000084500000, 0x0000000084500000| Untracked 
|  70|0x0000000084600000, 0x0000000084600000, 0x0000000084700000|  0%| F|  |TAMS 0x0000000084600000, 0x0000000084600000| Untracked 
|  71|0x0000000084700000, 0x0000000084700000, 0x0000000084800000|  0%| F|  |TAMS 0x0000000084700000, 0x0000000084700000| Untracked 
|  72|0x0000000084800000, 0x0000000084800000, 0x0000000084900000|  0%| F|  |TAMS 0x0000000084800000, 0x0000000084800000| Untracked 
|  73|0x0000000084900000, 0x0000000084900000, 0x0000000084a00000|  0%| F|  |TAMS 0x0000000084900000, 0x0000000084900000| Untracked 
|  74|0x0000000084a00000, 0x0000000084a00000, 0x0000000084b00000|  0%| F|  |TAMS 0x0000000084a00000, 0x0000000084a00000| Untracked 
|  75|0x0000000084b00000, 0x0000000084b00000, 0x0000000084c00000|  0%| F|  |TAMS 0x0000000084b00000, 0x0000000084b00000| Untracked 
|  76|0x0000000084c00000, 0x0000000084c00000, 0x0000000084d00000|  0%| F|  |TAMS 0x0000000084c00000, 0x0000000084c00000| Untracked 
|  77|0x0000000084d00000, 0x0000000084d00000, 0x0000000084e00000|  0%| F|  |TAMS 0x0000000084d00000, 0x0000000084d00000| Untracked 
|  78|0x0000000084e00000, 0x0000000084e00000, 0x0000000084f00000|  0%| F|  |TAMS 0x0000000084e00000, 0x0000000084e00000| Untracked 
|  79|0x0000000084f00000, 0x0000000084f00000, 0x0000000085000000|  0%| F|  |TAMS 0x0000000084f00000, 0x0000000084f00000| Untracked 
|  80|0x0000000085000000, 0x0000000085000000, 0x0000000085100000|  0%| F|  |TAMS 0x0000000085000000, 0x0000000085000000| Untracked 
|  81|0x0000000085100000, 0x0000000085100000, 0x0000000085200000|  0%| F|  |TAMS 0x0000000085100000, 0x0000000085100000| Untracked 
|  82|0x0000000085200000, 0x0000000085200000, 0x0000000085300000|  0%| F|  |TAMS 0x0000000085200000, 0x0000000085200000| Untracked 
|  83|0x0000000085300000, 0x0000000085300000, 0x0000000085400000|  0%| F|  |TAMS 0x0000000085300000, 0x0000000085300000| Untracked 
|  84|0x0000000085400000, 0x0000000085400000, 0x0000000085500000|  0%| F|  |TAMS 0x0000000085400000, 0x0000000085400000| Untracked 
|  85|0x0000000085500000, 0x0000000085500000, 0x0000000085600000|  0%| F|  |TAMS 0x0000000085500000, 0x0000000085500000| Untracked 
|  86|0x0000000085600000, 0x0000000085600000, 0x0000000085700000|  0%| F|  |TAMS 0x0000000085600000, 0x0000000085600000| Untracked 
|  87|0x0000000085700000, 0x0000000085700000, 0x0000000085800000|  0%| F|  |TAMS 0x0000000085700000, 0x0000000085700000| Untracked 
|  88|0x0000000085800000, 0x0000000085800000, 0x0000000085900000|  0%| F|  |TAMS 0x0000000085800000, 0x0000000085800000| Untracked 
|  89|0x0000000085900000, 0x0000000085900000, 0x0000000085a00000|  0%| F|  |TAMS 0x0000000085900000, 0x0000000085900000| Untracked 
|  90|0x0000000085a00000, 0x0000000085a00000, 0x0000000085b00000|  0%| F|  |TAMS 0x0000000085a00000, 0x0000000085a00000| Untracked 
|  91|0x0000000085b00000, 0x0000000085b00000, 0x0000000085c00000|  0%| F|  |TAMS 0x0000000085b00000, 0x0000000085b00000| Untracked 
|  92|0x0000000085c00000, 0x0000000085c00000, 0x0000000085d00000|  0%| F|  |TAMS 0x0000000085c00000, 0x0000000085c00000| Untracked 
|  93|0x0000000085d00000, 0x0000000085d00000, 0x0000000085e00000|  0%| F|  |TAMS 0x0000000085d00000, 0x0000000085d00000| Untracked 
|  94|0x0000000085e00000, 0x0000000085e00000, 0x0000000085f00000|  0%| F|  |TAMS 0x0000000085e00000, 0x0000000085e00000| Untracked 
|  95|0x0000000085f00000, 0x0000000085f00000, 0x0000000086000000|  0%| F|  |TAMS 0x0000000085f00000, 0x0000000085f00000| Untracked 
|  96|0x0000000086000000, 0x0000000086000000, 0x0000000086100000|  0%| F|  |TAMS 0x0000000086000000, 0x0000000086000000| Untracked 
|  97|0x0000000086100000, 0x0000000086100000, 0x0000000086200000|  0%| F|  |TAMS 0x0000000086100000, 0x0000000086100000| Untracked 
|  98|0x0000000086200000, 0x0000000086200000, 0x0000000086300000|  0%| F|  |TAMS 0x0000000086200000, 0x0000000086200000| Untracked 
|  99|0x0000000086300000, 0x0000000086300000, 0x0000000086400000|  0%| F|  |TAMS 0x0000000086300000, 0x0000000086300000| Untracked 
| 100|0x0000000086400000, 0x0000000086400000, 0x0000000086500000|  0%| F|  |TAMS 0x0000000086400000, 0x0000000086400000| Untracked 
| 101|0x0000000086500000, 0x0000000086598320, 0x0000000086600000| 59%| E|  |TAMS 0x0000000086500000, 0x0000000086500000| Complete 
| 102|0x0000000086600000, 0x0000000086700000, 0x0000000086700000|100%| E|CS|TAMS 0x0000000086600000, 0x0000000086600000| Complete 
| 103|0x0000000086700000, 0x0000000086800000, 0x0000000086800000|100%| E|  |TAMS 0x0000000086700000, 0x0000000086700000| Complete 
| 104|0x0000000086800000, 0x0000000086900000, 0x0000000086900000|100%| E|CS|TAMS 0x0000000086800000, 0x0000000086800000| Complete 
| 105|0x0000000086900000, 0x0000000086a00000, 0x0000000086a00000|100%| E|CS|TAMS 0x0000000086900000, 0x0000000086900000| Complete 
| 106|0x0000000086a00000, 0x0000000086b00000, 0x0000000086b00000|100%| E|CS|TAMS 0x0000000086a00000, 0x0000000086a00000| Complete 
| 107|0x0000000086b00000, 0x0000000086c00000, 0x0000000086c00000|100%| E|CS|TAMS 0x0000000086b00000, 0x0000000086b00000| Complete 
| 108|0x0000000086c00000, 0x0000000086d00000, 0x0000000086d00000|100%| E|CS|TAMS 0x0000000086c00000, 0x0000000086c00000| Complete 
| 109|0x0000000086d00000, 0x0000000086e00000, 0x0000000086e00000|100%| E|CS|TAMS 0x0000000086d00000, 0x0000000086d00000| Complete 
| 110|0x0000000086e00000, 0x0000000086f00000, 0x0000000086f00000|100%| E|CS|TAMS 0x0000000086e00000, 0x0000000086e00000| Complete 
| 111|0x0000000086f00000, 0x0000000087000000, 0x0000000087000000|100%| E|CS|TAMS 0x0000000086f00000, 0x0000000086f00000| Complete 

Card table byte_map: [0x0000021ca6630000,0x0000021ca6a30000] _byte_map_base: 0x0000021ca6230000

Marking Bits (Prev, Next): (CMBitMap*) 0x0000021c92cfc880, (CMBitMap*) 0x0000021c92cfc848
 Prev Bits: [0x0000021ca8e30000, 0x0000021caae30000)
 Next Bits: [0x0000021ca6e30000, 0x0000021ca8e30000)

Polling page: 0x0000021c914d0000

Metaspace:

Usage:
  Non-class:     38.67 MB capacity,    38.05 MB ( 98%) used,   533.87 KB (  1%) free+waste,   111.00 KB ( <1%) overhead. 
      Class:      6.11 MB capacity,     5.69 MB ( 93%) used,   379.52 KB (  6%) free+waste,    53.50 KB ( <1%) overhead. 
       Both:     44.79 MB capacity,    43.74 MB ( 98%) used,   913.38 KB (  2%) free+waste,   164.50 KB ( <1%) overhead. 

Virtual space:
  Non-class space:       40.00 MB reserved,      38.90 MB ( 97%) committed 
      Class space:        1.00 GB reserved,       6.13 MB ( <1%) committed 
             Both:        1.04 GB reserved,      45.03 MB (  4%) committed 

Chunk freelists:
   Non-Class:  41.00 KB
       Class:  11.00 KB
        Both:  52.00 KB

MaxMetaspaceSize: 17179869184.00 GB
CompressedClassSpaceSize: 1.00 GB

CodeHeap 'non-profiled nmethods': size=120000Kb used=2287Kb max_used=2287Kb free=117712Kb
 bounds [0x0000021c9e290000, 0x0000021c9e500000, 0x0000021ca57c0000]
CodeHeap 'profiled nmethods': size=120000Kb used=8568Kb max_used=8568Kb free=111432Kb
 bounds [0x0000021c96d60000, 0x0000021c975c0000, 0x0000021c9e290000]
CodeHeap 'non-nmethods': size=5760Kb used=1528Kb max_used=1574Kb free=4231Kb
 bounds [0x0000021c967c0000, 0x0000021c96a30000, 0x0000021c96d60000]
 total_blobs=4788 nmethods=4142 adapters=557
 compilation: enabled
              stopped_count=0, restarted_count=0
 full_count=0

Compilation events (20 events):
Event: 14.215 Thread 0x0000021cad932000 4142       1       java.lang.StackTraceElement::getLineNumber (5 bytes)
Event: 14.215 Thread 0x0000021cad932000 nmethod 4142 0x0000021c9e4caf10 code [0x0000021c9e4cb0c0, 0x0000021c9e4cb178]
Event: 14.215 Thread 0x0000021cad932000 4144       3       java.lang.StackTraceElement::<init> (10 bytes)
Event: 14.216 Thread 0x0000021cad932000 nmethod 4144 0x0000021c975b6210 code [0x0000021c975b63c0, 0x0000021c975b6518]
Event: 14.216 Thread 0x0000021cad932000 4143       1       java.lang.StackTraceElement::getFileName (5 bytes)
Event: 14.216 Thread 0x0000021cad932000 nmethod 4143 0x0000021c9e4cb210 code [0x0000021c9e4cb3c0, 0x0000021c9e4cb478]
Event: 14.216 Thread 0x0000021cad932000 4145       3       java.lang.ModuleLayer::boot (4 bytes)
Event: 14.216 Thread 0x0000021cad932000 nmethod 4145 0x0000021c975b6610 code [0x0000021c975b67c0, 0x0000021c975b68b8]
Event: 14.216 Thread 0x0000021cad932000 4146  s!   3       java.lang.StackTraceElement::computeFormat (71 bytes)
Event: 14.217 Thread 0x0000021cad932000 nmethod 4146 0x0000021c975b6910 code [0x0000021c975b6b40, 0x0000021c975b7478]
Event: 14.217 Thread 0x0000021cad932000 4147       3       java.lang.StackTraceElement::isHashedInJavaBase (31 bytes)
Event: 14.218 Thread 0x0000021cad932000 nmethod 4147 0x0000021c975b7710 code [0x0000021c975b7920, 0x0000021c975b7df8]
Event: 14.220 Thread 0x0000021cad932000 4148       3       java.util.regex.Pattern$Branch::match (66 bytes)
Event: 14.220 Thread 0x0000021cad932000 nmethod 4148 0x0000021c975b7f90 code [0x0000021c975b8180, 0x0000021c975b8618]
Event: 14.222 Thread 0x0000021cad932000 4149       1       java.lang.StackTraceElement::getClassName (5 bytes)
Event: 14.222 Thread 0x0000021cad932000 nmethod 4149 0x0000021c9e4cb510 code [0x0000021c9e4cb6c0, 0x0000021c9e4cb778]
Event: 14.224 Thread 0x0000021cad932000 4150       3       org.codehaus.groovy.runtime.StackTraceUtils::isApplicationClass (84 bytes)
Event: 14.226 Thread 0x0000021cad932000 nmethod 4150 0x0000021c975b8810 code [0x0000021c975b8a60, 0x0000021c975b93f8]
Event: 14.230 Thread 0x0000021cad932000 4152       3       java.lang.invoke.InfoFromMemberName::getDeclaringClass (8 bytes)
Event: 14.231 Thread 0x0000021cad932000 nmethod 4152 0x0000021c975b9790 code [0x0000021c975b9940, 0x0000021c975b9a58]

GC Heap History (14 events):
Event: 2.490 GC heap before
{Heap before GC invocations=0 (full 0):
 garbage-first heap   total 114688K, used 29696K [0x0000000080000000, 0x0000000100000000)
  region size 1024K, 24 young (24576K), 0 survivors (0K)
 Metaspace       used 10320K, capacity 10589K, committed 10752K, reserved 1058816K
  class space    used 1081K, capacity 1171K, committed 1280K, reserved 1048576K
}
Event: 2.559 GC heap after
{Heap after GC invocations=1 (full 0):
 garbage-first heap   total 114688K, used 9575K [0x0000000080000000, 0x0000000100000000)
  region size 1024K, 3 young (3072K), 3 survivors (3072K)
 Metaspace       used 10320K, capacity 10589K, committed 10752K, reserved 1058816K
  class space    used 1081K, capacity 1171K, committed 1280K, reserved 1048576K
}
Event: 6.990 GC heap before
{Heap before GC invocations=1 (full 0):
 garbage-first heap   total 114688K, used 73063K [0x0000000080000000, 0x0000000100000000)
  region size 1024K, 65 young (66560K), 3 survivors (3072K)
 Metaspace       used 16623K, capacity 17074K, committed 17152K, reserved 1064960K
  class space    used 1914K, capacity 2036K, committed 2048K, reserved 1048576K
}
Event: 6.998 GC heap after
{Heap after GC invocations=2 (full 0):
 garbage-first heap   total 114688K, used 15604K [0x0000000080000000, 0x0000000100000000)
  region size 1024K, 9 young (9216K), 9 survivors (9216K)
 Metaspace       used 16623K, capacity 17074K, committed 17152K, reserved 1064960K
  class space    used 1914K, capacity 2036K, committed 2048K, reserved 1048576K
}
Event: 8.042 GC heap before
{Heap before GC invocations=2 (full 0):
 garbage-first heap   total 114688K, used 47348K [0x0000000080000000, 0x0000000100000000)
  region size 1024K, 41 young (41984K), 9 survivors (9216K)
 Metaspace       used 20685K, capacity 21186K, committed 21296K, reserved 1069056K
  class space    used 2533K, capacity 2676K, committed 2688K, reserved 1048576K
}
Event: 8.055 GC heap after
{Heap after GC invocations=3 (full 0):
 garbage-first heap   total 114688K, used 17084K [0x0000000080000000, 0x0000000100000000)
  region size 1024K, 2 young (2048K), 2 survivors (2048K)
 Metaspace       used 20685K, capacity 21186K, committed 21296K, reserved 1069056K
  class space    used 2533K, capacity 2676K, committed 2688K, reserved 1048576K
}
Event: 9.303 GC heap before
{Heap before GC invocations=4 (full 0):
 garbage-first heap   total 114688K, used 64188K [0x0000000080000000, 0x0000000100000000)
  region size 1024K, 48 young (49152K), 2 survivors (2048K)
 Metaspace       used 25636K, capacity 26339K, committed 26624K, reserved 1073152K
  class space    used 3326K, capacity 3548K, committed 3584K, reserved 1048576K
}
Event: 9.308 GC heap after
{Heap after GC invocations=5 (full 0):
 garbage-first heap   total 114688K, used 18821K [0x0000000080000000, 0x0000000100000000)
  region size 1024K, 4 young (4096K), 4 survivors (4096K)
 Metaspace       used 25636K, capacity 26339K, committed 26624K, reserved 1073152K
  class space    used 3326K, capacity 3548K, committed 3584K, reserved 1048576K
}
Event: 11.591 GC heap before
{Heap before GC invocations=5 (full 0):
 garbage-first heap   total 114688K, used 79237K [0x0000000080000000, 0x0000000100000000)
  region size 1024K, 54 young (55296K), 4 survivors (4096K)
 Metaspace       used 30512K, capacity 31379K, committed 31616K, reserved 1077248K
  class space    used 4095K, capacity 4398K, committed 4480K, reserved 1048576K
}
Event: 11.597 GC heap after
{Heap after GC invocations=6 (full 0):
 garbage-first heap   total 114688K, used 31592K [0x0000000080000000, 0x0000000100000000)
  region size 1024K, 7 young (7168K), 7 survivors (7168K)
 Metaspace       used 30512K, capacity 31379K, committed 31616K, reserved 1077248K
  class space    used 4095K, capacity 4398K, committed 4480K, reserved 1048576K
}
Event: 12.267 GC heap before
{Heap before GC invocations=6 (full 0):
 garbage-first heap   total 114688K, used 70504K [0x0000000080000000, 0x0000000100000000)
  region size 1024K, 47 young (48128K), 7 survivors (7168K)
 Metaspace       used 35020K, capacity 35964K, committed 35968K, reserved 1081344K
  class space    used 4598K, capacity 4989K, committed 4992K, reserved 1048576K
}
Event: 12.284 GC heap after
{Heap after GC invocations=7 (full 0):
 garbage-first heap   total 114688K, used 34552K [0x0000000080000000, 0x0000000100000000)
  region size 1024K, 7 young (7168K), 7 survivors (7168K)
 Metaspace       used 35020K, capacity 35964K, committed 35968K, reserved 1081344K
  class space    used 4598K, capacity 4989K, committed 4992K, reserved 1048576K
}
Event: 13.957 GC heap before
{Heap before GC invocations=8 (full 0):
 garbage-first heap   total 114688K, used 80632K [0x0000000080000000, 0x0000000100000000)
  region size 1024K, 52 young (53248K), 7 survivors (7168K)
 Metaspace       used 44042K, capacity 45136K, committed 45340K, reserved 1089536K
  class space    used 5739K, capacity 6148K, committed 6272K, reserved 1048576K
}
Event: 13.975 GC heap after
{Heap after GC invocations=9 (full 0):
 garbage-first heap   total 114688K, used 38212K [0x0000000080000000, 0x0000000100000000)
  region size 1024K, 7 young (7168K), 7 survivors (7168K)
 Metaspace       used 44042K, capacity 45136K, committed 45340K, reserved 1089536K
  class space    used 5739K, capacity 6148K, committed 6272K, reserved 1048576K
}

Deoptimization events (20 events):
Event: 14.212 Thread 0x0000021caf3ef000 Uncommon trap: trap_request=0xffffffc6 fr.pc=0x0000021c9e43d750 relative=0x00000000000008f0
Event: 14.212 Thread 0x0000021caf3ef000 Uncommon trap: reason=bimorphic_or_optimized_type_check action=maybe_recompile pc=0x0000021c9e43d750 method=java.lang.Throwable.<init>(Ljava/lang/String;Ljava/lang/Throwable;)V @ 24 c2
Event: 14.212 Thread 0x0000021caf3ef000 DEOPT PACKING pc=0x0000021c9e43d750 sp=0x0000009ae6afaaa0
Event: 14.212 Thread 0x0000021caf3ef000 DEOPT UNPACKING pc=0x0000021c967e662f sp=0x0000009ae6afaa10 mode 2
Event: 14.218 Thread 0x0000021caf3ef000 Uncommon trap: trap_request=0xffffff4d fr.pc=0x0000021c9e4be154 relative=0x00000000000005b4
Event: 14.218 Thread 0x0000021caf3ef000 Uncommon trap: reason=unstable_if action=reinterpret pc=0x0000021c9e4be154 method=java.util.regex.Matcher.search(I)Z @ 76 c2
Event: 14.218 Thread 0x0000021caf3ef000 DEOPT PACKING pc=0x0000021c9e4be154 sp=0x0000009ae6afb8f0
Event: 14.219 Thread 0x0000021caf3ef000 DEOPT UNPACKING pc=0x0000021c967e662f sp=0x0000009ae6afb840 mode 2
Event: 14.219 Thread 0x0000021caf3ef000 Uncommon trap: trap_request=0xffffffde fr.pc=0x0000021c9e41b72c relative=0x00000000000002cc
Event: 14.219 Thread 0x0000021caf3ef000 Uncommon trap: reason=class_check action=maybe_recompile pc=0x0000021c9e41b72c method=java.util.regex.Pattern$Start.match(Ljava/util/regex/Matcher;ILjava/lang/CharSequence;)Z @ 44 c2
Event: 14.219 Thread 0x0000021caf3ef000 DEOPT PACKING pc=0x0000021c9e41b72c sp=0x0000009ae6afb7e0
Event: 14.219 Thread 0x0000021caf3ef000 DEOPT UNPACKING pc=0x0000021c967e662f sp=0x0000009ae6afb7a0 mode 2
Event: 14.219 Thread 0x0000021caf3ef000 Uncommon trap: trap_request=0xffffff4d fr.pc=0x0000021c9e4b5b10 relative=0x0000000000000570
Event: 14.219 Thread 0x0000021caf3ef000 Uncommon trap: reason=unstable_if action=reinterpret pc=0x0000021c9e4b5b10 method=java.util.regex.Matcher.search(I)Z @ 76 c2
Event: 14.219 Thread 0x0000021caf3ef000 DEOPT PACKING pc=0x0000021c9e4b5b10 sp=0x0000009ae6afb860
Event: 14.219 Thread 0x0000021caf3ef000 DEOPT UNPACKING pc=0x0000021c967e662f sp=0x0000009ae6afb830 mode 2
Event: 14.219 Thread 0x0000021caf3ef000 Uncommon trap: trap_request=0xffffffde fr.pc=0x0000021c9e41b72c relative=0x00000000000002cc
Event: 14.219 Thread 0x0000021caf3ef000 Uncommon trap: reason=class_check action=maybe_recompile pc=0x0000021c9e41b72c method=java.util.regex.Pattern$Start.match(Ljava/util/regex/Matcher;ILjava/lang/CharSequence;)Z @ 44 c2
Event: 14.219 Thread 0x0000021caf3ef000 DEOPT PACKING pc=0x0000021c9e41b72c sp=0x0000009ae6afb7d0
Event: 14.219 Thread 0x0000021caf3ef000 DEOPT UNPACKING pc=0x0000021c967e662f sp=0x0000009ae6afb790 mode 2

Classes redefined (0 events):
No events

Internal exceptions (20 events):
Event: 14.074 Thread 0x0000021caf3ef000 Exception <a 'java/lang/ClassNotFoundException'{0x0000000086dd3f40}: org/gradle/groovy/scripts/DefaultScriptBeanInfo> (0x0000000086dd3f40) thrown at [./src/hotspot/share/classfile/systemDictionary.cpp, line 231]
Event: 14.075 Thread 0x0000021caf3ef000 Exception <a 'java/lang/ClassNotFoundException'{0x0000000086de7b08}: org/gradle/groovy/scripts/BasicScriptBeanInfo> (0x0000000086de7b08) thrown at [./src/hotspot/share/classfile/systemDictionary.cpp, line 231]
Event: 14.075 Thread 0x0000021caf3ef000 Exception <a 'java/lang/ClassNotFoundException'{0x0000000086dfa5d0}: org/gradle/groovy/scripts/ScriptBeanInfo> (0x0000000086dfa5d0) thrown at [./src/hotspot/share/classfile/systemDictionary.cpp, line 231]
Event: 14.077 Thread 0x0000021caf3ef000 Exception <a 'java/lang/ClassNotFoundException'{0x0000000086c19528}: groovy/lang/ScriptBeanInfo> (0x0000000086c19528) thrown at [./src/hotspot/share/classfile/systemDictionary.cpp, line 231]
Event: 14.079 Thread 0x0000021caf3ef000 Exception <a 'java/lang/ClassNotFoundException'{0x0000000086c38278}: groovy/lang/ScriptCustomizer> (0x0000000086c38278) thrown at [./src/hotspot/share/classfile/systemDictionary.cpp, line 231]
Event: 14.081 Thread 0x0000021caf3ef000 Exception <a 'java/lang/ClassNotFoundException'{0x0000000086c52e18}: org/gradle/groovy/scripts/ScriptCustomizer> (0x0000000086c52e18) thrown at [./src/hotspot/share/classfile/systemDictionary.cpp, line 231]
Event: 14.083 Thread 0x0000021caf3ef000 Exception <a 'java/lang/ClassNotFoundException'{0x0000000086c6d618}: org/gradle/groovy/scripts/BasicScriptCustomizer> (0x0000000086c6d618) thrown at [./src/hotspot/share/classfile/systemDictionary.cpp, line 231]
Event: 14.085 Thread 0x0000021caf3ef000 Exception <a 'java/lang/ClassNotFoundException'{0x0000000086c8dbd8}: org/gradle/groovy/scripts/DefaultScriptCustomizer> (0x0000000086c8dbd8) thrown at [./src/hotspot/share/classfile/systemDictionary.cpp, line 231]
Event: 14.096 Thread 0x0000021caf3ef000 Exception <a 'java/lang/ClassNotFoundException'{0x0000000086cd8d70}: org/gradle/initialization/InitScriptCustomizer> (0x0000000086cd8d70) thrown at [./src/hotspot/share/classfile/systemDictionary.cpp, line 231]
Event: 14.097 Thread 0x0000021caf3ef000 Exception <a 'java/lang/ClassNotFoundException'{0x0000000086cec000}: ijmapper_c513j44c93jtygiphjh4690vfCustomizer> (0x0000000086cec000) thrown at [./src/hotspot/share/classfile/systemDictionary.cpp, line 231]
Event: 14.118 Thread 0x0000021caf3ef000 Exception <a 'java/lang/ClassNotFoundException'{0x0000000086bdb688}: org/gradle/internal/extensibility/DefaultExtraPropertiesExtensionBeanInfo> (0x0000000086bdb688) thrown at [./src/hotspot/share/classfile/systemDictionary.cpp, line 231]
Event: 14.118 Thread 0x0000021caf3ef000 Exception <a 'java/lang/ClassNotFoundException'{0x0000000086bf3e20}: org/gradle/internal/extensibility/DefaultExtraPropertiesExtensionCustomizer> (0x0000000086bf3e20) thrown at [./src/hotspot/share/classfile/systemDictionary.cpp, line 231]
Event: 14.178 Thread 0x0000021caf3ef000 Exception <a 'java/lang/ClassNotFoundException'{0x0000000086828b98}: org/gradle/invocation/DefaultGradle_DecoratedBeanInfo> (0x0000000086828b98) thrown at [./src/hotspot/share/classfile/systemDictionary.cpp, line 231]
Event: 14.179 Thread 0x0000021caf3ef000 Exception <a 'java/lang/ClassNotFoundException'{0x0000000086848cc8}: org/gradle/invocation/DefaultGradleBeanInfo> (0x0000000086848cc8) thrown at [./src/hotspot/share/classfile/systemDictionary.cpp, line 231]
Event: 14.180 Thread 0x0000021caf3ef000 Exception <a 'java/lang/ClassNotFoundException'{0x000000008686ce70}: org/gradle/api/internal/project/AbstractPluginAwareBeanInfo> (0x000000008686ce70) thrown at [./src/hotspot/share/classfile/systemDictionary.cpp, line 231]
Event: 14.181 Thread 0x0000021caf3ef000 Exception <a 'java/lang/ClassNotFoundException'{0x0000000086891378}: org/gradle/api/internal/project/AbstractPluginAwareCustomizer> (0x0000000086891378) thrown at [./src/hotspot/share/classfile/systemDictionary.cpp, line 231]
Event: 14.183 Thread 0x0000021caf3ef000 Exception <a 'java/lang/ClassNotFoundException'{0x00000000868b7680}: org/gradle/invocation/DefaultGradleCustomizer> (0x00000000868b7680) thrown at [./src/hotspot/share/classfile/systemDictionary.cpp, line 231]
Event: 14.190 Thread 0x0000021caf3ef000 Exception <a 'java/lang/ClassNotFoundException'{0x000000008670a598}: org/gradle/invocation/DefaultGradle_DecoratedCustomizer> (0x000000008670a598) thrown at [./src/hotspot/share/classfile/systemDictionary.cpp, line 231]
Event: 14.211 Thread 0x0000021caf3ef000 Exception <a 'java/lang/OutOfMemoryError'{0x000000008677d6a0}> (0x000000008677d6a0) thrown at [./src/hotspot/share/prims/jni.cpp, line 636]
Event: 14.211 Thread 0x0000021caf3ef000 Exception <a 'java/lang/OutOfMemoryError'{0x000000008677d6a0}> (0x000000008677d6a0) thrown at [./src/hotspot/share/prims/jvm.cpp, line 1310]

Events (20 events):
Event: 14.223 loading class java/time/Clock
Event: 14.223 loading class java/time/Clock done
Event: 14.224 loading class java/time/Clock$SystemClock
Event: 14.224 loading class java/time/Clock$SystemClock done
Event: 14.225 loading class org/gradle/internal/build/ExecutionResult$Success
Event: 14.225 loading class org/gradle/internal/build/ExecutionResult$Success done
Event: 14.226 loading class org/gradle/internal/build/ExecutionResult$1
Event: 14.226 loading class org/gradle/internal/build/ExecutionResult$1 done
Event: 14.226 loading class org/gradle/internal/build/ExecutionResult$Failure
Event: 14.226 loading class org/gradle/internal/build/ExecutionResult$Failure done
Event: 14.226 loading class org/gradle/internal/build/ExecutionResult$2
Event: 14.226 loading class org/gradle/internal/build/ExecutionResult$2 done
Event: 14.228 loading class org/gradle/internal/build/BuildState
Event: 14.228 loading class org/gradle/internal/build/BuildState done
Event: 14.229 loading class org/gradle/util/Path
Event: 14.229 loading class org/gradle/util/Path done
Event: 14.229 loading class org/gradle/internal/build/BuildState
Event: 14.229 loading class org/gradle/internal/build/BuildState done
Event: 14.231 loading class org/gradle/api/internal/artifacts/DependencyManagementGradleUserHomeScopeServices$1
Event: 14.231 loading class org/gradle/api/internal/artifacts/DependencyManagementGradleUserHomeScopeServices$1 done


Dynamic libraries:
0x00007ff7c7710000 - 0x00007ff7c771a000 	C:\Users\Dan\AppData\Local\JetBrains\Toolbox\apps\AndroidStudio\ch-0\211.7628.21.2111.8193401\jre\bin\java.exe
0x00007ffe41670000 - 0x00007ffe41865000 	C:\windows\SYSTEM32\ntdll.dll
0x00007ffe40e90000 - 0x00007ffe40f4e000 	C:\windows\System32\KERNEL32.DLL
0x00007ffe3f3e0000 - 0x00007ffe3f6a8000 	C:\windows\System32\KERNELBASE.dll
0x00007ffe3f190000 - 0x00007ffe3f290000 	C:\windows\System32\ucrtbase.dll
0x00007ffe36940000 - 0x00007ffe36959000 	C:\Users\Dan\AppData\Local\JetBrains\Toolbox\apps\AndroidStudio\ch-0\211.7628.21.2111.8193401\jre\bin\jli.dll
0x00007ffe3c0b0000 - 0x00007ffe3c0c7000 	C:\Users\Dan\AppData\Local\JetBrains\Toolbox\apps\AndroidStudio\ch-0\211.7628.21.2111.8193401\jre\bin\VCRUNTIME140.dll
0x00007ffe413e0000 - 0x00007ffe41581000 	C:\windows\System32\USER32.dll
0x00007ffe2c950000 - 0x00007ffe2cbea000 	C:\windows\WinSxS\amd64_microsoft.windows.common-controls_6595b64144ccf1df_6.0.19041.1110_none_60b5254171f9507e\COMCTL32.dll
0x00007ffe3f070000 - 0x00007ffe3f092000 	C:\windows\System32\win32u.dll
0x00007ffe40f50000 - 0x00007ffe40fee000 	C:\windows\System32\msvcrt.dll
0x00007ffe40ff0000 - 0x00007ffe4101b000 	C:\windows\System32\GDI32.dll
0x00007ffe3ef10000 - 0x00007ffe3f01d000 	C:\windows\System32\gdi32full.dll
0x00007ffe3f340000 - 0x00007ffe3f3dd000 	C:\windows\System32\msvcp_win.dll
0x00007ffe40980000 - 0x00007ffe409b0000 	C:\windows\System32\IMM32.DLL
0x00007ffe1d730000 - 0x00007ffe1d7cd000 	C:\Users\Dan\AppData\Local\JetBrains\Toolbox\apps\AndroidStudio\ch-0\211.7628.21.2111.8193401\jre\bin\msvcp140.dll
0x00007ffdef860000 - 0x00007ffdf0335000 	C:\Users\Dan\AppData\Local\JetBrains\Toolbox\apps\AndroidStudio\ch-0\211.7628.21.2111.8193401\jre\bin\server\jvm.dll
0x00007ffe40860000 - 0x00007ffe4090c000 	C:\windows\System32\ADVAPI32.dll
0x00007ffe41590000 - 0x00007ffe4162b000 	C:\windows\System32\sechost.dll
0x00007ffe401e0000 - 0x00007ffe4030a000 	C:\windows\System32\RPCRT4.dll
0x00007ffe401d0000 - 0x00007ffe401d8000 	C:\windows\System32\PSAPI.DLL
0x00007ffe36980000 - 0x00007ffe3698a000 	C:\windows\SYSTEM32\VERSION.dll
0x00007ffe2afc0000 - 0x00007ffe2afc9000 	C:\windows\SYSTEM32\WSOCK32.dll
0x00007ffe313b0000 - 0x00007ffe313d7000 	C:\windows\SYSTEM32\WINMM.dll
0x00007ffe40910000 - 0x00007ffe4097b000 	C:\windows\System32\WS2_32.dll
0x00007ffe3cc70000 - 0x00007ffe3cc82000 	C:\windows\SYSTEM32\kernel.appcore.dll
0x00007ffe29eb0000 - 0x00007ffe29ec1000 	C:\Users\Dan\AppData\Local\JetBrains\Toolbox\apps\AndroidStudio\ch-0\211.7628.21.2111.8193401\jre\bin\verify.dll
0x00007ffe3a8e0000 - 0x00007ffe3aac4000 	C:\windows\SYSTEM32\DBGHELP.DLL
0x00007ffe26dc0000 - 0x00007ffe26dec000 	C:\windows\SYSTEM32\dbgcore.DLL
0x00007ffe3f0a0000 - 0x00007ffe3f122000 	C:\windows\System32\bcryptPrimitives.dll
0x00007ffe21a20000 - 0x00007ffe21a49000 	C:\Users\Dan\AppData\Local\JetBrains\Toolbox\apps\AndroidStudio\ch-0\211.7628.21.2111.8193401\jre\bin\java.dll
0x00007ffe3c2f0000 - 0x00007ffe3c2fb000 	C:\Users\Dan\AppData\Local\JetBrains\Toolbox\apps\AndroidStudio\ch-0\211.7628.21.2111.8193401\jre\bin\jimage.dll
0x00007ffe27f70000 - 0x00007ffe27f88000 	C:\Users\Dan\AppData\Local\JetBrains\Toolbox\apps\AndroidStudio\ch-0\211.7628.21.2111.8193401\jre\bin\zip.dll
0x00007ffe3fa80000 - 0x00007ffe401c4000 	C:\windows\System32\SHELL32.dll
0x00007ffe3ce70000 - 0x00007ffe3d604000 	C:\windows\SYSTEM32\windows.storage.dll
0x00007ffe41020000 - 0x00007ffe41375000 	C:\windows\System32\combase.dll
0x00007ffe3e700000 - 0x00007ffe3e72e000 	C:\windows\SYSTEM32\Wldp.dll
0x00007ffe3f860000 - 0x00007ffe3f90d000 	C:\windows\System32\SHCORE.dll
0x00007ffe40800000 - 0x00007ffe40855000 	C:\windows\System32\shlwapi.dll
0x00007ffe3ecc0000 - 0x00007ffe3ecdf000 	C:\windows\SYSTEM32\profapi.dll
0x00007ffe23740000 - 0x00007ffe2375a000 	C:\Users\Dan\AppData\Local\JetBrains\Toolbox\apps\AndroidStudio\ch-0\211.7628.21.2111.8193401\jre\bin\net.dll
0x00007ffe35ca0000 - 0x00007ffe35dac000 	C:\windows\SYSTEM32\WINHTTP.dll
0x00007ffe3e460000 - 0x00007ffe3e4ca000 	C:\windows\system32\mswsock.dll
0x00007ffe1e050000 - 0x00007ffe1e064000 	C:\Users\Dan\AppData\Local\JetBrains\Toolbox\apps\AndroidStudio\ch-0\211.7628.21.2111.8193401\jre\bin\nio.dll
0x00007ffe39cc0000 - 0x00007ffe39ce7000 	C:\Users\Dan\.gradle\native\e1d6ef7f7dcc3fd88c89a11ec53ec762bb8ba0a96d01ffa2cd45eb1d1d8dd5c5\windows-amd64\native-platform.dll
0x00007ffdf6560000 - 0x00007ffdf66a4000 	C:\Users\Dan\.gradle\native\5664cfc778a61ccfe75a443a1ab52a65af34e5dc3c78e0209fed803814484fcb\windows-amd64\native-platform-file-events.dll
0x00007ffe29ea0000 - 0x00007ffe29eaa000 	C:\Users\Dan\AppData\Local\JetBrains\Toolbox\apps\AndroidStudio\ch-0\211.7628.21.2111.8193401\jre\bin\management.dll
0x00007ffe232e0000 - 0x00007ffe232ed000 	C:\Users\Dan\AppData\Local\JetBrains\Toolbox\apps\AndroidStudio\ch-0\211.7628.21.2111.8193401\jre\bin\management_ext.dll
0x00007ffe3e650000 - 0x00007ffe3e668000 	C:\windows\SYSTEM32\CRYPTSP.dll
0x00007ffe3dde0000 - 0x00007ffe3de14000 	C:\windows\system32\rsaenh.dll
0x00007ffe3ed80000 - 0x00007ffe3eda7000 	C:\windows\System32\bcrypt.dll
0x00007ffe3ec40000 - 0x00007ffe3ec6e000 	C:\windows\SYSTEM32\USERENV.dll
0x00007ffe3e670000 - 0x00007ffe3e67c000 	C:\windows\SYSTEM32\CRYPTBASE.dll
0x00007ffe3e150000 - 0x00007ffe3e18b000 	C:\windows\SYSTEM32\IPHLPAPI.DLL
0x00007ffe3f910000 - 0x00007ffe3f918000 	C:\windows\System32\NSI.dll
0x00007ffe36a90000 - 0x00007ffe36aa7000 	C:\windows\SYSTEM32\dhcpcsvc6.DLL
0x00007ffe37470000 - 0x00007ffe3748d000 	C:\windows\SYSTEM32\dhcpcsvc.DLL
0x00007ffe3e190000 - 0x00007ffe3e25b000 	C:\windows\SYSTEM32\DNSAPI.dll

dbghelp: loaded successfully - version: 4.0.5 - missing functions: none
symbol engine: initialized successfully - sym options: 0x614 - pdb path: .;C:\Users\Dan\AppData\Local\JetBrains\Toolbox\apps\AndroidStudio\ch-0\211.7628.21.2111.8193401\jre\bin;C:\windows\SYSTEM32;C:\windows\WinSxS\amd64_microsoft.windows.common-controls_6595b64144ccf1df_6.0.19041.1110_none_60b5254171f9507e;C:\Users\Dan\AppData\Local\JetBrains\Toolbox\apps\AndroidStudio\ch-0\211.7628.21.2111.8193401\jre\bin\server;C:\Users\Dan\.gradle\native\e1d6ef7f7dcc3fd88c89a11ec53ec762bb8ba0a96d01ffa2cd45eb1d1d8dd5c5\windows-amd64;C:\Users\Dan\.gradle\native\5664cfc778a61ccfe75a443a1ab52a65af34e5dc3c78e0209fed803814484fcb\windows-amd64

VM Arguments:
jvm_args: --add-opens=java.base/java.util=ALL-UNNAMED --add-opens=java.base/java.lang=ALL-UNNAMED --add-opens=java.base/java.lang.invoke=ALL-UNNAMED --add-opens=java.base/java.util=ALL-UNNAMED --add-opens=java.prefs/java.util.prefs=ALL-UNNAMED --add-opens=java.prefs/java.util.prefs=ALL-UNNAMED --add-opens=java.base/java.nio.charset=ALL-UNNAMED --add-opens=java.base/java.net=ALL-UNNAMED --add-opens=java.base/java.util.concurrent.atomic=ALL-UNNAMED -Xmx2048m -Dfile.encoding=UTF-8 -Duser.country=RU -Duser.language=ru -Duser.variant 
java_command: org.gradle.launcher.daemon.bootstrap.GradleDaemon 7.2
java_class_path (initial): C:\Users\Dan\.gradle\wrapper\dists\gradle-7.2-bin\2dnblmf4td7x66yl1d74lt32g\gradle-7.2\lib\gradle-launcher-7.2.jar
Launcher Type: SUN_STANDARD

[Global flags]
     intx CICompilerCount                          = 4                                         {product} {ergonomic}
     uint ConcGCThreads                            = 2                                         {product} {ergonomic}
     uint G1ConcRefinementThreads                  = 8                                         {product} {ergonomic}
   size_t G1HeapRegionSize                         = 1048576                                   {product} {ergonomic}
    uintx GCDrainStackTargetSize                   = 64                                        {product} {ergonomic}
   size_t InitialHeapSize                          = 117440512                                 {product} {ergonomic}
   size_t MarkStackSize                            = 4194304                                   {product} {ergonomic}
   size_t MaxHeapSize                              = 2147483648                                {product} {command line}
   size_t MaxNewSize                               = 1287651328                                {product} {ergonomic}
   size_t MinHeapDeltaBytes                        = 1048576                                   {product} {ergonomic}
    uintx NonNMethodCodeHeapSize                   = 5836300                                {pd product} {ergonomic}
    uintx NonProfiledCodeHeapSize                  = 122910970                              {pd product} {ergonomic}
    uintx ProfiledCodeHeapSize                     = 122910970                              {pd product} {ergonomic}
    uintx ReservedCodeCacheSize                    = 251658240                              {pd product} {ergonomic}
     bool SegmentedCodeCache                       = true                                      {product} {ergonomic}
     bool UseCompressedClassPointers               = true                                 {lp64_product} {ergonomic}
     bool UseCompressedOops                        = true                                 {lp64_product} {ergonomic}
     bool UseG1GC                                  = true                                      {product} {ergonomic}
     bool UseLargePagesIndividualAllocation        = false                                  {pd product} {ergonomic}

Logging:
Log output configuration:
 #0: stdout all=warning uptime,level,tags
 #1: stderr all=off uptime,level,tags

Environment Variables:
PATH=C:\windows\system32;C:\windows;C:\windows\System32\Wbem;C:\windows\System32\WindowsPowerShell\v1.0\;C:\Program Files\Git\cmd;C:\Program Files\Common Files\Autodesk Shared\;C:\Program Files\Microsoft SQL Server\120\Tools\Binn\;C:\Users\Dan\AppData\Local\Microsoft\WindowsApps
USERNAME=Dan
OS=Windows_NT
PROCESSOR_IDENTIFIER=AMD64 Family 23 Model 17 Stepping 0, AuthenticAMD



---------------  S Y S T E M  ---------------

OS: Windows 10 , 64 bit Build 19041 (10.0.19041.1348)
OS uptime: 0 days 1:46 hours

CPU:total 8 (initial active 8) (8 cores per cpu, 2 threads per core) family 23 model 17 stepping 0 microcode 0x0, cmov, cx8, fxsr, mmx, sse, sse2, sse3, ssse3, sse4.1, sse4.2, popcnt, avx, avx2, aes, clmul, mmxext, 3dnowpref, lzcnt, sse4a, ht, tsc, tscinvbit, tscinv, bmi1, bmi2, adx, s

Memory: 4k page, system-wide physical 7075M (816M free)
TotalPageFile size 8099M (AvailPageFile size 3M)
current process WorkingSet (physical memory assigned to process): 271M, peak: 271M
current process commit charge ("private bytes"): 313M, peak: 316M

vm_info: OpenJDK 64-Bit Server VM (11.0.11+9-b60-7590822) for windows-amd64 JRE (11.0.11+9-b60-7590822), built on Jul 29 2021 21:43:44 by "builder" with MS VC++ 14.0 (VS2015)

END.
